<?xml version="1.0" encoding="UTF-8"?>
<testng-results ignored="2" total="3" passed="1" failed="0" skipped="0">
  <reporter-output>
  </reporter-output>
  <suite started-at="2023-11-08T12:37:54 IST" name="Default suite" finished-at="2023-11-08T12:37:58 IST" duration-ms="4290">
    <groups>
    </groups>
    <test started-at="2023-11-08T12:37:54 IST" name="Default test" finished-at="2023-11-08T12:37:58 IST" duration-ms="4290">
      <class name="TestNG.DropDownTestNG">
        <test-method is-config="true" signature="beforeMethod()[pri:0, instance:TestNG.DropDownTestNG@31ea9581]" started-at="2023-11-08T12:37:54 IST" name="beforeMethod" finished-at="2023-11-08T12:37:58 IST" duration-ms="3938" status="PASS">
          <reporter-output>
          </reporter-output>
        </test-method> <!-- beforeMethod -->
        <test-method signature="Multiple()[pri:0, instance:TestNG.DropDownTestNG@31ea9581]" started-at="2023-11-08T12:37:58 IST" name="Multiple" finished-at="2023-11-08T12:37:58 IST" duration-ms="49" status="PASS">
          <reporter-output>
          </reporter-output>
        </test-method> <!-- Multiple -->
        <test-method is-config="true" signature="afterMethod()[pri:0, instance:TestNG.DropDownTestNG@31ea9581]" started-at="2023-11-08T12:37:58 IST" name="afterMethod" finished-at="2023-11-08T12:37:58 IST" duration-ms="241" status="PASS">
          <reporter-output>
          </reporter-output>
        </test-method> <!-- afterMethod -->
      </class> <!-- TestNG.DropDownTestNG -->
    </test> <!-- Default test -->
  </suite> <!-- Default suite -->
</testng-results>
