<?xml version="1.0" encoding="UTF-8"?>
<!-- Generated by org.testng.reporters.JUnitXMLReporter -->
<testsuite ignored="2" hostname="ARTHUR-" failures="0" tests="1" name="Default test" time="4.29" errors="0" timestamp="2023-11-08T12:37:58 IST">
  <testcase classname="TestNG.DropDownTestNG" name="Multiple" time="0.049"/>
  <testcase classname="TestNG.DropDownTestNG" name="f" time="0.0">
    <ignored/>
  </testcase> <!-- f -->
  <testcase classname="TestNG.DropDownTestNG" name="getOptions" time="0.0">
    <ignored/>
  </testcase> <!-- getOptions -->
</testsuite> <!-- Default test -->
